# JRE version: Java(TM) SE Runtime Environment (7.0_51-b13) (build 1.7.0_51-b13)
# Java VM: Java HotSpot(TM) 64-Bit Server VM (24.51-b03 mixed mode linux-amd64 compressed oops)
Heap
 PSYoungGen      total 21504K, used 11998K [0x00000000ed100000, 0x00000000eec00000, 0x0000000100000000)
  eden space 15360K, 64% used [0x00000000ed100000,0x00000000edaa0580,0x00000000ee000000)
  from space 6144K, 34% used [0x00000000ee600000,0x00000000ee8172f0,0x00000000eec00000)
  to   space 6144K, 0% used [0x00000000ee000000,0x00000000ee000000,0x00000000ee600000)
 ParOldGen       total 38400K, used 8631K [0x00000000c7400000, 0x00000000c9980000, 0x00000000ed100000)
  object space 38400K, 22% used [0x00000000c7400000,0x00000000c7c6de18,0x00000000c9980000)
 PSPermGen       total 22016K, used 21681K [0x00000000c2200000, 0x00000000c3780000, 0x00000000c7400000)
  object space 22016K, 98% used [0x00000000c2200000,0x00000000c372c550,0x00000000c3780000)
GC Heap History (10 events):
Event: 5,203 GC heap before
{Heap before GC invocations=2 (full 0):
 PSYoungGen      total 17408K, used 17371K [0x00000000ed100000, 0x00000000ee400000, 0x0000000100000000)
  eden space 15360K, 99% used [0x00000000ed100000,0x00000000edffacb8,0x00000000ee000000)
  from space 2048K, 99% used [0x00000000ee000000,0x00000000ee1fc020,0x00000000ee200000)
  to   space 2048K, 0% used [0x00000000ee200000,0x00000000ee200000,0x00000000ee400000)
 ParOldGen       total 38400K, used 2583K [0x00000000c7400000, 0x00000000c9980000, 0x00000000ed100000)
  object space 38400K, 6% used [0x00000000c7400000,0x00000000c7685f00,0x00000000c9980000)
 PSPermGen       total 21504K, used 19868K [0x00000000c2200000, 0x00000000c3700000, 0x00000000c7400000)
  object space 21504K, 92% used [0x00000000c2200000,0x00000000c3567108,0x00000000c3700000)
Event: 5,213 GC heap after
Heap after GC invocations=2 (full 0):
 PSYoungGen      total 17408K, used 2018K [0x00000000ed100000, 0x00000000ee400000, 0x0000000100000000)
  eden space 15360K, 0% used [0x00000000ed100000,0x00000000ed100000,0x00000000ee000000)
  from space 2048K, 98% used [0x00000000ee200000,0x00000000ee3f8a00,0x00000000ee400000)
  to   space 2048K, 0% used [0x00000000ee000000,0x00000000ee000000,0x00000000ee200000)
 ParOldGen       total 38400K, used 5607K [0x00000000c7400000, 0x00000000c9980000, 0x00000000ed100000)
  object space 38400K, 14% used [0x00000000c7400000,0x00000000c7979f58,0x00000000c9980000)
 PSPermGen       total 21504K, used 19868K [0x00000000c2200000, 0x00000000c3700000, 0x00000000c7400000)
  object space 21504K, 92% used [0x00000000c2200000,0x00000000c3567108,0x00000000c3700000)
}
Event: 5,826 GC heap before
{Heap before GC invocations=3 (full 0):
 PSYoungGen      total 17408K, used 17378K [0x00000000ed100000, 0x00000000ee400000, 0x0000000100000000)
  eden space 15360K, 100% used [0x00000000ed100000,0x00000000ee000000,0x00000000ee000000)
  from space 2048K, 98% used [0x00000000ee200000,0x00000000ee3f8a00,0x00000000ee400000)
  to   space 2048K, 0% used [0x00000000ee000000,0x00000000ee000000,0x00000000ee200000)
 ParOldGen       total 38400K, used 5607K [0x00000000c7400000, 0x00000000c9980000, 0x00000000ed100000)
  object space 38400K, 14% used [0x00000000c7400000,0x00000000c7979f58,0x00000000c9980000)
 PSPermGen       total 21504K, used 19957K [0x00000000c2200000, 0x00000000c3700000, 0x00000000c7400000)
  object space 21504K, 92% used [0x00000000c2200000,0x00000000c357d4b0,0x00000000c3700000)
Event: 5,832 GC heap after
Heap after GC invocations=3 (full 0):
 PSYoungGen      total 17408K, used 2018K [0x00000000ed100000, 0x00000000ee400000, 0x0000000100000000)
  eden space 15360K, 0% used [0x00000000ed100000,0x00000000ed100000,0x00000000ee000000)
  from space 2048K, 98% used [0x00000000ee000000,0x00000000ee1f89e0,0x00000000ee200000)
  to   space 2048K, 0% used [0x00000000ee200000,0x00000000ee200000,0x00000000ee400000)
 ParOldGen       total 38400K, used 6056K [0x00000000c7400000, 0x00000000c9980000, 0x00000000ed100000)
  object space 38400K, 15% used [0x00000000c7400000,0x00000000c79ea3a0,0x00000000c9980000)
 PSPermGen       total 21504K, used 19957K [0x00000000c2200000, 0x00000000c3700000, 0x00000000c7400000)
  object space 21504K, 92% used [0x00000000c2200000,0x00000000c357d4b0,0x00000000c3700000)
}
Event: 8,052 GC heap before
{Heap before GC invocations=4 (full 0):
 PSYoungGen      total 17408K, used 17378K [0x00000000ed100000, 0x00000000ee400000, 0x0000000100000000)
  eden space 15360K, 100% used [0x00000000ed100000,0x00000000ee000000,0x00000000ee000000)
  from space 2048K, 98% used [0x00000000ee000000,0x00000000ee1f89e0,0x00000000ee200000)
  to   space 2048K, 0% used [0x00000000ee200000,0x00000000ee200000,0x00000000ee400000)
 ParOldGen       total 38400K, used 6056K [0x00000000c7400000, 0x00000000c9980000, 0x00000000ed100000)
  object space 38400K, 15% used [0x00000000c7400000,0x00000000c79ea3a0,0x00000000c9980000)
 PSPermGen       total 21504K, used 21500K [0x00000000c2200000, 0x00000000c3700000, 0x00000000c7400000)
  object space 21504K, 99% used [0x00000000c2200000,0x00000000c36ff0c8,0x00000000c3700000)
Event: 8,061 GC heap after
Heap after GC invocations=4 (full 0):
 PSYoungGen      total 17408K, used 2028K [0x00000000ed100000, 0x00000000ee400000, 0x0000000100000000)
  eden space 15360K, 0% used [0x00000000ed100000,0x00000000ed100000,0x00000000ee000000)
  from space 2048K, 99% used [0x00000000ee200000,0x00000000ee3fb300,0x00000000ee400000)
  to   space 2048K, 0% used [0x00000000ee000000,0x00000000ee000000,0x00000000ee200000)
 ParOldGen       total 38400K, used 8545K [0x00000000c7400000, 0x00000000c9980000, 0x00000000ed100000)
  object space 38400K, 22% used [0x00000000c7400000,0x00000000c7c585c8,0x00000000c9980000)
 PSPermGen       total 21504K, used 21500K [0x00000000c2200000, 0x00000000c3700000, 0x00000000c7400000)
  object space 21504K, 99% used [0x00000000c2200000,0x00000000c36ff0c8,0x00000000c3700000)
}
Event: 11,285 GC heap before
{Heap before GC invocations=5 (full 0):
 PSYoungGen      total 17408K, used 17388K [0x00000000ed100000, 0x00000000ee400000, 0x0000000100000000)
  eden space 15360K, 100% used [0x00000000ed100000,0x00000000ee000000,0x00000000ee000000)
  from space 2048K, 99% used [0x00000000ee200000,0x00000000ee3fb300,0x00000000ee400000)
  to   space 2048K, 0% used [0x00000000ee000000,0x00000000ee000000,0x00000000ee200000)
 ParOldGen       total 38400K, used 8545K [0x00000000c7400000, 0x00000000c9980000, 0x00000000ed100000)
  object space 38400K, 22% used [0x00000000c7400000,0x00000000c7c585c8,0x00000000c9980000)
 PSPermGen       total 22016K, used 21632K [0x00000000c2200000, 0x00000000c3780000, 0x00000000c7400000)
  object space 22016K, 98% used [0x00000000c2200000,0x00000000c37203f0,0x00000000c3780000)
Event: 11,294 GC heap after
Heap after GC invocations=5 (full 0):
 PSYoungGen      total 17408K, used 2028K [0x00000000ed100000, 0x00000000eec00000, 0x0000000100000000)
  eden space 15360K, 0% used [0x00000000ed100000,0x00000000ed100000,0x00000000ee000000)
  from space 2048K, 99% used [0x00000000ee000000,0x00000000ee1fb300,0x00000000ee200000)
  to   space 6144K, 0% used [0x00000000ee600000,0x00000000ee600000,0x00000000eec00000)
 ParOldGen       total 38400K, used 8623K [0x00000000c7400000, 0x00000000c9980000, 0x00000000ed100000)
  object space 38400K, 22% used [0x00000000c7400000,0x00000000c7c6be18,0x00000000c9980000)
 PSPermGen       total 22016K, used 21632K [0x00000000c2200000, 0x00000000c3780000, 0x00000000c7400000)
  object space 22016K, 98% used [0x00000000c2200000,0x00000000c37203f0,0x00000000c3780000)
}
Event: 16,587 GC heap before
{Heap before GC invocations=6 (full 0):
 PSYoungGen      total 17408K, used 17388K [0x00000000ed100000, 0x00000000eec00000, 0x0000000100000000)
  eden space 15360K, 100% used [0x00000000ed100000,0x00000000ee000000,0x00000000ee000000)
  from space 2048K, 99% used [0x00000000ee000000,0x00000000ee1fb300,0x00000000ee200000)
  to   space 6144K, 0% used [0x00000000ee600000,0x00000000ee600000,0x00000000eec00000)
 ParOldGen       total 38400K, used 8623K [0x00000000c7400000, 0x00000000c9980000, 0x00000000ed100000)
  object space 38400K, 22% used [0x00000000c7400000,0x00000000c7c6be18,0x00000000c9980000)
 PSPermGen       total 22016K, used 21671K [0x00000000c2200000, 0x00000000c3780000, 0x00000000c7400000)
  object space 22016K, 98% used [0x00000000c2200000,0x00000000c3729d18,0x00000000c3780000)
Event: 16,598 GC heap after
Heap after GC invocations=6 (full 0):
 PSYoungGen      total 21504K, used 2140K [0x00000000ed100000, 0x00000000eec00000, 0x0000000100000000)
  eden space 15360K, 0% used [0x00000000ed100000,0x00000000ed100000,0x00000000ee000000)
  from space 6144K, 34% used [0x00000000ee600000,0x00000000ee8172f0,0x00000000eec00000)
  to   space 6144K, 0% used [0x00000000ee000000,0x00000000ee000000,0x00000000ee600000)
 ParOldGen       total 38400K, used 8631K [0x00000000c7400000, 0x00000000c9980000, 0x00000000ed100000)
  object space 38400K, 22% used [0x00000000c7400000,0x00000000c7c6de18,0x00000000c9980000)
 PSPermGen       total 22016K, used 21671K [0x00000000c2200000, 0x00000000c3780000, 0x00000000c7400000)
  object space 22016K, 98% used [0x00000000c2200000,0x00000000c3729d18,0x00000000c3780000)
}

